[debug] [2020-08-13T07:00:55.219Z] ----------------------------------------------------------------------
[debug] [2020-08-13T07:00:55.221Z] Command:       /home/mani/.nvm/versions/node/v14.4.0/bin/node /home/mani/.nvm/versions/node/v14.4.0/bin/firebase deploy
[debug] [2020-08-13T07:00:55.222Z] CLI Version:   8.7.0
[debug] [2020-08-13T07:00:55.222Z] Platform:      linux
[debug] [2020-08-13T07:00:55.222Z] Node Version:  v14.4.0
[debug] [2020-08-13T07:00:55.222Z] Time:          Thu Aug 13 2020 12:30:55 GMT+0530 (India Standard Time)
[debug] [2020-08-13T07:00:55.222Z] ----------------------------------------------------------------------
[debug] [2020-08-13T07:00:55.222Z] 
[debug] [2020-08-13T07:00:55.228Z] > command requires scopes: ["email","openid","https://www.googleapis.com/auth/cloudplatformprojects.readonly","https://www.googleapis.com/auth/firebase","https://www.googleapis.com/auth/cloud-platform"]
[debug] [2020-08-13T07:00:55.228Z] > authorizing via signed-in user
[debug] [2020-08-13T07:00:55.229Z] [iam] checking project tinder-clone-f4493 for permissions ["firebase.projects.get","firebasehosting.sites.update"]
[debug] [2020-08-13T07:00:55.231Z] >>> HTTP REQUEST POST https://cloudresourcemanager.googleapis.com/v1/projects/tinder-clone-f4493:testIamPermissions  
 {"permissions":["firebase.projects.get","firebasehosting.sites.update"]}
[debug] [2020-08-13T07:00:57.320Z] <<< HTTP RESPONSE 200 {"content-type":"application/json; charset=UTF-8","vary":"X-Origin, Referer, Origin,Accept-Encoding","date":"Thu, 13 Aug 2020 07:00:59 GMT","server":"ESF","cache-control":"private","x-xss-protection":"0","x-frame-options":"SAMEORIGIN","x-content-type-options":"nosniff","server-timing":"gfet4t7; dur=1311","alt-svc":"h3-29=\":443\"; ma=2592000,h3-27=\":443\"; ma=2592000,h3-T050=\":443\"; ma=2592000,h3-Q050=\":443\"; ma=2592000,h3-Q046=\":443\"; ma=2592000,h3-Q043=\":443\"; ma=2592000,quic=\":443\"; ma=2592000; v=\"46,43\"","accept-ranges":"none","transfer-encoding":"chunked"}
[debug] [2020-08-13T07:00:57.326Z] >>> HTTP REQUEST GET https://firebase.googleapis.com/v1beta1/projects/tinder-clone-f4493  
 
[debug] [2020-08-13T07:00:58.129Z] <<< HTTP RESPONSE 200 {"content-type":"application/json; charset=UTF-8","vary":"X-Origin, Referer, Origin,Accept-Encoding","date":"Thu, 13 Aug 2020 07:01:00 GMT","server":"ESF","cache-control":"private","x-xss-protection":"0","x-frame-options":"SAMEORIGIN","x-content-type-options":"nosniff","alt-svc":"h3-29=\":443\"; ma=2592000,h3-27=\":443\"; ma=2592000,h3-T050=\":443\"; ma=2592000,h3-Q050=\":443\"; ma=2592000,h3-Q046=\":443\"; ma=2592000,h3-Q043=\":443\"; ma=2592000,quic=\":443\"; ma=2592000; v=\"46,43\"","accept-ranges":"none","transfer-encoding":"chunked"}
[info] 
[info] === Deploying to 'tinder-clone-f4493'...
[info] 
[info] i  deploying hosting 
[debug] [2020-08-13T07:00:58.140Z] >>> HTTP REQUEST POST https://firebasehosting.googleapis.com/v1beta1/sites/tinder-clone-f4493/versions  
 {"config":{"rewrites":[{"glob":"**","path":"/index.html"}]},"labels":{"deployment-tool":"cli-firebase"}}
